<?xml version="1.0" encoding="UTF-8"?>
<testsuite xmlns:xsi="http://www.w3.org/2001/XMLSchema-instance" xsi:noNamespaceSchemaLocation="https://maven.apache.org/surefire/maven-surefire-plugin/xsd/surefire-test-report-3.0.xsd" version="3.0" name="TemperatureConverterTest" time="0.056" tests="4" errors="0" skipped="0" failures="0">
  <properties>
[...]
</properties>
  <testcase name="testFahrenheitToCelsius" classname="TemperatureConverterTest" time="0.025"/>
  <testcase name="testCelsiusToFahrenheit" classname="TemperatureConverterTest" time="0.001"/>
  <testcase name="kelvinToCelsius" classname="TemperatureConverterTest" time="0.002"/>
  <testcase name="testIsExtremeTemperature" classname="TemperatureConverterTest" time="0.001"/>
</testsuite>